
*** Running vivado
    with args -log zynq_soc_rst_PS7_75M_0.vds -m64 -product Vivado -mode batch -messageDb vivado.pb -notrace -source zynq_soc_rst_PS7_75M_0.tcl


****** Vivado v2017.2 (64-bit)
  **** SW Build 1909853 on Thu Jun 15 18:39:09 MDT 2017
  **** IP Build 1909766 on Thu Jun 15 19:58:00 MDT 2017
    ** Copyright 1986-2017 Xilinx, Inc. All Rights Reserved.

source zynq_soc_rst_PS7_75M_0.tcl -notrace
Starting RTL Elaboration : Time (s): cpu = 00:00:09 ; elapsed = 00:00:10 . Memory (MB): peak = 395.719 ; gain = 83.641
INFO: [Synth 8-638] synthesizing module 'zynq_soc_rst_PS7_75M_0' [v:/SOBELDETECT/DEBUG/RELEASED/ZEDBOARD/vivado/zynq_soc/ZEDBOARD.srcs/sources_1/bd/zynq_soc/ip/zynq_soc_rst_PS7_75M_0/synth/zynq_soc_rst_PS7_75M_0.vhd:74]
INFO: [Synth 8-638] synthesizing module 'proc_sys_reset' [v:/SOBELDETECT/DEBUG/RELEASED/ZEDBOARD/vivado/zynq_soc/ZEDBOARD.srcs/sources_1/bd/zynq_soc/ipshared/5db7/hdl/proc_sys_reset_v5_0_vh_rfs.vhd:1323]
INFO: [Synth 8-638] synthesizing module 'lpf' [v:/SOBELDETECT/DEBUG/RELEASED/ZEDBOARD/vivado/zynq_soc/ZEDBOARD.srcs/sources_1/bd/zynq_soc/ipshared/5db7/hdl/proc_sys_reset_v5_0_vh_rfs.vhd:816]
INFO: [Synth 8-638] synthesizing module 'SRL16' [C:/Xilinx/Vivado/2017.2/scripts/rt/data/unisim_comp.v:43657]
INFO: [Synth 8-256] done synthesizing module 'SRL16' (1#1) [C:/Xilinx/Vivado/2017.2/scripts/rt/data/unisim_comp.v:43657]
INFO: [Synth 8-638] synthesizing module 'cdc_sync' [v:/SOBELDETECT/DEBUG/RELEASED/ZEDBOARD/vivado/zynq_soc/ZEDBOARD.srcs/sources_1/bd/zynq_soc/ipshared/52cb/hdl/lib_cdc_v1_0_rfs.vhd:106]
INFO: [Synth 8-256] done synthesizing module 'cdc_sync' (2#1) [v:/SOBELDETECT/DEBUG/RELEASED/ZEDBOARD/vivado/zynq_soc/ZEDBOARD.srcs/sources_1/bd/zynq_soc/ipshared/52cb/hdl/lib_cdc_v1_0_rfs.vhd:106]
INFO: [Synth 8-256] done synthesizing module 'lpf' (3#1) [v:/SOBELDETECT/DEBUG/RELEASED/ZEDBOARD/vivado/zynq_soc/ZEDBOARD.srcs/sources_1/bd/zynq_soc/ipshared/5db7/hdl/proc_sys_reset_v5_0_vh_rfs.vhd:816]
INFO: [Synth 8-638] synthesizing module 'sequence_psr' [v:/SOBELDETECT/DEBUG/RELEASED/ZEDBOARD/vivado/zynq_soc/ZEDBOARD.srcs/sources_1/bd/zynq_soc/ipshared/5db7/hdl/proc_sys_reset_v5_0_vh_rfs.vhd:301]
INFO: [Synth 8-638] synthesizing module 'upcnt_n' [v:/SOBELDETECT/DEBUG/RELEASED/ZEDBOARD/vivado/zynq_soc/ZEDBOARD.srcs/sources_1/bd/zynq_soc/ipshared/5db7/hdl/proc_sys_reset_v5_0_vh_rfs.vhd:125]
INFO: [Synth 8-256] done synthesizing module 'upcnt_n' (4#1) [v:/SOBELDETECT/DEBUG/RELEASED/ZEDBOARD/vivado/zynq_soc/ZEDBOARD.srcs/sources_1/bd/zynq_soc/ipshared/5db7/hdl/proc_sys_reset_v5_0_vh_rfs.vhd:125]
INFO: [Synth 8-256] done synthesizing module 'sequence_psr' (5#1) [v:/SOBELDETECT/DEBUG/RELEASED/ZEDBOARD/vivado/zynq_soc/ZEDBOARD.srcs/sources_1/bd/zynq_soc/ipshared/5db7/hdl/proc_sys_reset_v5_0_vh_rfs.vhd:301]
INFO: [Synth 8-256] done synthesizing module 'proc_sys_reset' (6#1) [v:/SOBELDETECT/DEBUG/RELEASED/ZEDBOARD/vivado/zynq_soc/ZEDBOARD.srcs/sources_1/bd/zynq_soc/ipshared/5db7/hdl/proc_sys_reset_v5_0_vh_rfs.vhd:1323]
INFO: [Synth 8-256] done synthesizing module 'zynq_soc_rst_PS7_75M_0' (7#1) [v:/SOBELDETECT/DEBUG/RELEASED/ZEDBOARD/vivado/zynq_soc/ZEDBOARD.srcs/sources_1/bd/zynq_soc/ip/zynq_soc_rst_PS7_75M_0/synth/zynq_soc_rst_PS7_75M_0.vhd:74]
Finished RTL Elaboration : Time (s): cpu = 00:00:12 ; elapsed = 00:00:13 . Memory (MB): peak = 445.809 ; gain = 133.730
Finished RTL Optimization Phase 1 : Time (s): cpu = 00:00:12 ; elapsed = 00:00:13 . Memory (MB): peak = 445.809 ; gain = 133.730
INFO: [Device 21-403] Loading part xc7z020clg484-1
Constraint Validation Runtime : Time (s): cpu = 00:00:00 ; elapsed = 00:00:00.033 . Memory (MB): peak = 792.320 ; gain = 1.230
Finished Constraint Validation : Time (s): cpu = 00:00:40 ; elapsed = 00:00:47 . Memory (MB): peak = 792.320 ; gain = 480.242
Finished Loading Part and Timing Information : Time (s): cpu = 00:00:40 ; elapsed = 00:00:47 . Memory (MB): peak = 792.320 ; gain = 480.242
Finished applying 'set_property' XDC Constraints : Time (s): cpu = 00:00:40 ; elapsed = 00:00:47 . Memory (MB): peak = 792.320 ; gain = 480.242
Finished RTL Optimization Phase 2 : Time (s): cpu = 00:00:41 ; elapsed = 00:00:48 . Memory (MB): peak = 792.320 ; gain = 480.242
Finished Cross Boundary and Area Optimization : Time (s): cpu = 00:00:42 ; elapsed = 00:00:49 . Memory (MB): peak = 792.320 ; gain = 480.242
Finished Applying XDC Timing Constraints : Time (s): cpu = 00:01:11 ; elapsed = 00:01:20 . Memory (MB): peak = 792.320 ; gain = 480.242
Finished Timing Optimization : Time (s): cpu = 00:01:11 ; elapsed = 00:01:20 . Memory (MB): peak = 792.320 ; gain = 480.242
Finished Technology Mapping : Time (s): cpu = 00:01:11 ; elapsed = 00:01:20 . Memory (MB): peak = 801.469 ; gain = 489.391
Finished IO Insertion : Time (s): cpu = 00:01:13 ; elapsed = 00:01:23 . Memory (MB): peak = 801.469 ; gain = 489.391
Finished Renaming Generated Instances : Time (s): cpu = 00:01:13 ; elapsed = 00:01:23 . Memory (MB): peak = 801.469 ; gain = 489.391
Finished Rebuilding User Hierarchy : Time (s): cpu = 00:01:13 ; elapsed = 00:01:23 . Memory (MB): peak = 801.469 ; gain = 489.391
Finished Renaming Generated Ports : Time (s): cpu = 00:01:13 ; elapsed = 00:01:23 . Memory (MB): peak = 801.469 ; gain = 489.391
Finished Handling Custom Attributes : Time (s): cpu = 00:01:13 ; elapsed = 00:01:23 . Memory (MB): peak = 801.469 ; gain = 489.391
Finished Renaming Generated Nets : Time (s): cpu = 00:01:13 ; elapsed = 00:01:23 . Memory (MB): peak = 801.469 ; gain = 489.391

Report Cell Usage: 
+------+------+------+
|      |Cell  |Count |
+------+------+------+
|1     |LUT1  |     5|
|2     |LUT2  |     9|
|3     |LUT3  |     1|
|4     |LUT4  |     6|
|5     |LUT5  |     3|
|6     |LUT6  |     1|
|7     |SRL16 |     1|
|8     |FDR   |     8|
|9     |FDRE  |    28|
|10    |FDSE  |     4|
+------+------+------+
Finished Writing Synthesis Report : Time (s): cpu = 00:01:13 ; elapsed = 00:01:23 . Memory (MB): peak = 801.469 ; gain = 489.391
synth_design: Time (s): cpu = 00:01:16 ; elapsed = 00:01:28 . Memory (MB): peak = 806.547 ; gain = 495.008
