23:56:04 INFO  : Registering command handlers for SDK TCF services
23:56:05 INFO  : Launching XSCT server: xsct.bat -interactive V:\RELEASED\ZEDBOARD\workspace\sdk\temp_xsdb_launch_script.tcl
23:56:07 INFO  : XSCT server has started successfully.
23:56:08 INFO  : Successfully done setting XSCT server connection channel  
23:56:08 INFO  : Successfully done setting SDK workspace  
23:56:08 INFO  : Processing command line option -hwspec V:/RELEASED/ZEDBOARD/workspace/sdk/ZEDBOARD.hdf.
23:56:08 INFO  : Processing command line option -lp V:/RELEASED/ZEDBOARD/sw_lib.
23:56:08 INFO  : Adding 'V:/RELEASED/ZEDBOARD/sw_lib' as a new local repository.
23:58:38 INFO  : Inferring section assignments and sizes from elf file: V:\RELEASED\ZEDBOARD\workspace\sdk\d5mCamera\Debug\d5mCamera.elf
23:58:45 INFO  : Successfully generated V:\RELEASED\ZEDBOARD\workspace\sdk\d5mCamera\src\lscript.ld.
23:58:45 INFO  : Applying linker script to all configurations of project d5mCamera.
23:58:45 INFO  : Setting rebuild state to true for all configurations of project d5mCamera.
23:59:33 INFO  : Invoking Bootgen: bootgen -image d5mCamera.bif -arch zynq -o C:\Users\SILVER\Desktop\BOOT.bin -w on
23:59:33 INFO  : Overwriting existing bif file V:\RELEASED\ZEDBOARD\workspace\sdk\d5mCamera\bootimage\d5mCamera.bif
23:59:34 INFO  : Bootgen command execution is done.
00:19:17 INFO  : Invoking Bootgen: bootgen -image d5mCamera.bif -arch zynq -o E:\BOOT.bin -w on
00:19:17 INFO  : Overwriting existing bif file V:\RELEASED\ZEDBOARD\workspace\sdk\d5mCamera\bootimage\d5mCamera.bif
00:19:20 INFO  : Bootgen command execution is done.
00:29:34 INFO  : Invoking Bootgen: bootgen -image d5mCamera.bif -arch zynq -o E:\BOOT.bin -w on
00:29:34 INFO  : Overwriting existing bif file V:\RELEASED\ZEDBOARD\workspace\sdk\d5mCamera\bootimage\d5mCamera.bif
00:29:38 INFO  : Bootgen command execution is done.
00:44:43 INFO  : Invoking Bootgen: bootgen -image d5mCamera.bif -arch zynq -o E:\BOOT.bin -w on
00:44:43 INFO  : Overwriting existing bif file V:\RELEASED\ZEDBOARD\workspace\sdk\d5mCamera\bootimage\d5mCamera.bif
00:44:47 INFO  : Bootgen command execution is done.
