
*** Running vivado
    with args -log zynq_soc_auto_cc_3.vds -m64 -product Vivado -mode batch -messageDb vivado.pb -notrace -source zynq_soc_auto_cc_3.tcl


****** Vivado v2017.2 (64-bit)
  **** SW Build 1909853 on Thu Jun 15 18:39:09 MDT 2017
  **** IP Build 1909766 on Thu Jun 15 19:58:00 MDT 2017
    ** Copyright 1986-2017 Xilinx, Inc. All Rights Reserved.

source zynq_soc_auto_cc_3.tcl -notrace
Starting RTL Elaboration : Time (s): cpu = 00:00:18 ; elapsed = 00:00:21 . Memory (MB): peak = 401.332 ; gain = 84.742
INFO: [Synth 8-638] synthesizing module 'zynq_soc_auto_cc_3' [v:/SOBELDETECT/DEBUG/RELEASED/ZEDBOARD/vivado/zynq_soc/ZEDBOARD.srcs/sources_1/bd/zynq_soc/ip/zynq_soc_auto_cc_3/synth/zynq_soc_auto_cc_3.v:58]
INFO: [Synth 8-638] synthesizing module 'axi_clock_converter_v2_1_12_axi_clock_converter' [v:/SOBELDETECT/DEBUG/RELEASED/ZEDBOARD/vivado/zynq_soc/ZEDBOARD.srcs/sources_1/bd/zynq_soc/ipshared/80fd/hdl/axi_clock_converter_v2_1_vl_rfs.v:650]
INFO: [Synth 8-638] synthesizing module 'axi_infrastructure_v1_1_0_axi2vector' [v:/SOBELDETECT/DEBUG/RELEASED/ZEDBOARD/vivado/zynq_soc/ZEDBOARD.srcs/sources_1/bd/zynq_soc/ipshared/7e3a/hdl/axi_infrastructure_v1_1_vl_rfs.v:60]
INFO: [Synth 8-256] done synthesizing module 'axi_infrastructure_v1_1_0_axi2vector' (1#1) [v:/SOBELDETECT/DEBUG/RELEASED/ZEDBOARD/vivado/zynq_soc/ZEDBOARD.srcs/sources_1/bd/zynq_soc/ipshared/7e3a/hdl/axi_infrastructure_v1_1_vl_rfs.v:60]
INFO: [Synth 8-638] synthesizing module 'axi_clock_converter_v2_1_12_lite_async' [v:/SOBELDETECT/DEBUG/RELEASED/ZEDBOARD/vivado/zynq_soc/ZEDBOARD.srcs/sources_1/bd/zynq_soc/ipshared/80fd/hdl/axi_clock_converter_v2_1_vl_rfs.v:517]
INFO: [Synth 8-638] synthesizing module 'xpm_cdc_handshake' [C:/Xilinx/Vivado/2017.2/data/ip/xpm/xpm_cdc/hdl/xpm_cdc.sv:352]
INFO: [Synth 8-638] synthesizing module 'xpm_cdc_single' [C:/Xilinx/Vivado/2017.2/data/ip/xpm/xpm_cdc/hdl/xpm_cdc.sv:99]
INFO: [Synth 8-256] done synthesizing module 'xpm_cdc_single' (2#1) [C:/Xilinx/Vivado/2017.2/data/ip/xpm/xpm_cdc/hdl/xpm_cdc.sv:99]
INFO: [Synth 8-256] done synthesizing module 'xpm_cdc_handshake' (3#1) [C:/Xilinx/Vivado/2017.2/data/ip/xpm/xpm_cdc/hdl/xpm_cdc.sv:352]
INFO: [Synth 8-256] done synthesizing module 'axi_clock_converter_v2_1_12_lite_async' (4#1) [v:/SOBELDETECT/DEBUG/RELEASED/ZEDBOARD/vivado/zynq_soc/ZEDBOARD.srcs/sources_1/bd/zynq_soc/ipshared/80fd/hdl/axi_clock_converter_v2_1_vl_rfs.v:517]
INFO: [Synth 8-638] synthesizing module 'axi_clock_converter_v2_1_12_lite_async__parameterized0' [v:/SOBELDETECT/DEBUG/RELEASED/ZEDBOARD/vivado/zynq_soc/ZEDBOARD.srcs/sources_1/bd/zynq_soc/ipshared/80fd/hdl/axi_clock_converter_v2_1_vl_rfs.v:517]
INFO: [Synth 8-638] synthesizing module 'xpm_cdc_handshake__parameterized0' [C:/Xilinx/Vivado/2017.2/data/ip/xpm/xpm_cdc/hdl/xpm_cdc.sv:352]
INFO: [Synth 8-256] done synthesizing module 'xpm_cdc_handshake__parameterized0' (4#1) [C:/Xilinx/Vivado/2017.2/data/ip/xpm/xpm_cdc/hdl/xpm_cdc.sv:352]
INFO: [Synth 8-256] done synthesizing module 'axi_clock_converter_v2_1_12_lite_async__parameterized0' (4#1) [v:/SOBELDETECT/DEBUG/RELEASED/ZEDBOARD/vivado/zynq_soc/ZEDBOARD.srcs/sources_1/bd/zynq_soc/ipshared/80fd/hdl/axi_clock_converter_v2_1_vl_rfs.v:517]
INFO: [Synth 8-638] synthesizing module 'axi_clock_converter_v2_1_12_lite_async__parameterized1' [v:/SOBELDETECT/DEBUG/RELEASED/ZEDBOARD/vivado/zynq_soc/ZEDBOARD.srcs/sources_1/bd/zynq_soc/ipshared/80fd/hdl/axi_clock_converter_v2_1_vl_rfs.v:517]
INFO: [Synth 8-638] synthesizing module 'xpm_cdc_handshake__parameterized1' [C:/Xilinx/Vivado/2017.2/data/ip/xpm/xpm_cdc/hdl/xpm_cdc.sv:352]
INFO: [Synth 8-256] done synthesizing module 'xpm_cdc_handshake__parameterized1' (4#1) [C:/Xilinx/Vivado/2017.2/data/ip/xpm/xpm_cdc/hdl/xpm_cdc.sv:352]
INFO: [Synth 8-256] done synthesizing module 'axi_clock_converter_v2_1_12_lite_async__parameterized1' (4#1) [v:/SOBELDETECT/DEBUG/RELEASED/ZEDBOARD/vivado/zynq_soc/ZEDBOARD.srcs/sources_1/bd/zynq_soc/ipshared/80fd/hdl/axi_clock_converter_v2_1_vl_rfs.v:517]
INFO: [Synth 8-638] synthesizing module 'axi_clock_converter_v2_1_12_lite_async__parameterized2' [v:/SOBELDETECT/DEBUG/RELEASED/ZEDBOARD/vivado/zynq_soc/ZEDBOARD.srcs/sources_1/bd/zynq_soc/ipshared/80fd/hdl/axi_clock_converter_v2_1_vl_rfs.v:517]
INFO: [Synth 8-638] synthesizing module 'xpm_cdc_handshake__parameterized2' [C:/Xilinx/Vivado/2017.2/data/ip/xpm/xpm_cdc/hdl/xpm_cdc.sv:352]
INFO: [Synth 8-256] done synthesizing module 'xpm_cdc_handshake__parameterized2' (4#1) [C:/Xilinx/Vivado/2017.2/data/ip/xpm/xpm_cdc/hdl/xpm_cdc.sv:352]
INFO: [Synth 8-256] done synthesizing module 'axi_clock_converter_v2_1_12_lite_async__parameterized2' (4#1) [v:/SOBELDETECT/DEBUG/RELEASED/ZEDBOARD/vivado/zynq_soc/ZEDBOARD.srcs/sources_1/bd/zynq_soc/ipshared/80fd/hdl/axi_clock_converter_v2_1_vl_rfs.v:517]
INFO: [Synth 8-638] synthesizing module 'axi_infrastructure_v1_1_0_vector2axi' [v:/SOBELDETECT/DEBUG/RELEASED/ZEDBOARD/vivado/zynq_soc/ZEDBOARD.srcs/sources_1/bd/zynq_soc/ipshared/7e3a/hdl/axi_infrastructure_v1_1_vl_rfs.v:474]
INFO: [Synth 8-256] done synthesizing module 'axi_infrastructure_v1_1_0_vector2axi' (5#1) [v:/SOBELDETECT/DEBUG/RELEASED/ZEDBOARD/vivado/zynq_soc/ZEDBOARD.srcs/sources_1/bd/zynq_soc/ipshared/7e3a/hdl/axi_infrastructure_v1_1_vl_rfs.v:474]
INFO: [Synth 8-256] done synthesizing module 'axi_clock_converter_v2_1_12_axi_clock_converter' (6#1) [v:/SOBELDETECT/DEBUG/RELEASED/ZEDBOARD/vivado/zynq_soc/ZEDBOARD.srcs/sources_1/bd/zynq_soc/ipshared/80fd/hdl/axi_clock_converter_v2_1_vl_rfs.v:650]
INFO: [Synth 8-256] done synthesizing module 'zynq_soc_auto_cc_3' (7#1) [v:/SOBELDETECT/DEBUG/RELEASED/ZEDBOARD/vivado/zynq_soc/ZEDBOARD.srcs/sources_1/bd/zynq_soc/ip/zynq_soc_auto_cc_3/synth/zynq_soc_auto_cc_3.v:58]
Finished RTL Elaboration : Time (s): cpu = 00:00:40 ; elapsed = 00:00:47 . Memory (MB): peak = 546.496 ; gain = 229.906
Finished RTL Optimization Phase 1 : Time (s): cpu = 00:00:40 ; elapsed = 00:00:47 . Memory (MB): peak = 546.496 ; gain = 229.906
INFO: [Device 21-403] Loading part xc7z020clg484-1
Constraint Validation Runtime : Time (s): cpu = 00:00:00 ; elapsed = 00:00:00.047 . Memory (MB): peak = 803.688 ; gain = 1.633
Finished Constraint Validation : Time (s): cpu = 00:01:09 ; elapsed = 00:01:19 . Memory (MB): peak = 803.688 ; gain = 487.098
Finished Loading Part and Timing Information : Time (s): cpu = 00:01:09 ; elapsed = 00:01:19 . Memory (MB): peak = 803.688 ; gain = 487.098
Finished applying 'set_property' XDC Constraints : Time (s): cpu = 00:01:09 ; elapsed = 00:01:20 . Memory (MB): peak = 803.688 ; gain = 487.098
Finished RTL Optimization Phase 2 : Time (s): cpu = 00:01:10 ; elapsed = 00:01:21 . Memory (MB): peak = 803.688 ; gain = 487.098
Finished Cross Boundary and Area Optimization : Time (s): cpu = 00:01:12 ; elapsed = 00:01:25 . Memory (MB): peak = 803.688 ; gain = 487.098
Finished Applying XDC Timing Constraints : Time (s): cpu = 00:01:40 ; elapsed = 00:01:55 . Memory (MB): peak = 803.688 ; gain = 487.098
Finished Timing Optimization : Time (s): cpu = 00:01:40 ; elapsed = 00:01:55 . Memory (MB): peak = 803.688 ; gain = 487.098
Finished Technology Mapping : Time (s): cpu = 00:01:40 ; elapsed = 00:01:56 . Memory (MB): peak = 813.563 ; gain = 496.973
Finished IO Insertion : Time (s): cpu = 00:01:42 ; elapsed = 00:01:59 . Memory (MB): peak = 813.563 ; gain = 496.973
Finished Renaming Generated Instances : Time (s): cpu = 00:01:42 ; elapsed = 00:01:59 . Memory (MB): peak = 813.563 ; gain = 496.973
Finished Rebuilding User Hierarchy : Time (s): cpu = 00:01:42 ; elapsed = 00:01:59 . Memory (MB): peak = 813.563 ; gain = 496.973
Finished Renaming Generated Ports : Time (s): cpu = 00:01:42 ; elapsed = 00:01:59 . Memory (MB): peak = 813.563 ; gain = 496.973
Finished Handling Custom Attributes : Time (s): cpu = 00:01:42 ; elapsed = 00:01:59 . Memory (MB): peak = 813.563 ; gain = 496.973
Finished Renaming Generated Nets : Time (s): cpu = 00:01:42 ; elapsed = 00:01:59 . Memory (MB): peak = 813.563 ; gain = 496.973

Report Cell Usage: 
+------+-----+------+
|      |Cell |Count |
+------+-----+------+
|1     |LUT1 |     6|
|2     |LUT2 |     5|
|3     |LUT3 |     2|
|4     |LUT4 |     5|
|5     |LUT5 |    20|
|6     |LUT6 |    15|
|7     |FDRE |   254|
+------+-----+------+
Finished Writing Synthesis Report : Time (s): cpu = 00:01:42 ; elapsed = 00:01:59 . Memory (MB): peak = 813.563 ; gain = 496.973
synth_design: Time (s): cpu = 00:01:54 ; elapsed = 00:02:13 . Memory (MB): peak = 1292.602 ; gain = 980.566
