#-----------------------------------------------------------
# Vivado v2017.2 (64-bit)
# SW Build 1909853 on Thu Jun 15 18:39:09 MDT 2017
# IP Build 1909766 on Thu Jun 15 19:58:00 MDT 2017
# Start of session at: Sat Nov  3 03:38:20 2018
# Process ID: 11372
# Current directory: V:/ZEDBOARD/v_log
# Command line: vivado.exe -source ../scripts/script_main.tcl -mode batch -notrace -tclargs --run_prebuild_sdk --boardpart 1
# Log file: V:/ZEDBOARD/v_log/vivado.log
# Journal file: V:/ZEDBOARD/v_log\vivado.jou
#-----------------------------------------------------------
source ../scripts/script_main.tcl -notrace
-----------------------------------------------------------------------
Info:(ZQ) Load Settings Script finished
Info:(ZQ) Load environment script finished
Info:(ZQ) Load Vivado script finished
Info:(ZQ) Load ZQ-utils script finished
Info:(ZQ) Load Vivado script finished
Info:(ZQ) Load Designs script finished
Info:(ZQ) Load User Command scripts finished
Info:(ZQ) Load SDSOC script finished
-----------------------------------------------------------------------
-----------------------------------------------------------------------
------------------------------------------
Info:(ZQ) Initial Project Name and Paths:
ZQ::VPROJ_NAME:           ZEDBOARD
ZQ::VPROJ_PATH:           V:/ZEDBOARD/vivado/zynq_soc
ZQ::VLABPROJ_PATH:        V:/ZEDBOARD/vivado_lab
ZQ::BOARDDEF_PATH:        V:/ZEDBOARD/board_files
ZQ::FIRMWARE_PATH:        V:/ZEDBOARD/firmware
ZQ::IP_PATH:              V:/ZEDBOARD/ip_lib
ZQ::BD_PATH:              V:/ZEDBOARD/block_design
ZQ::XDC_PATH:             V:/ZEDBOARD/constraints
ZQ::HDL_PATH:             V:/ZEDBOARD/hdl
ZQ::SET_PATH:             V:/ZEDBOARD/settings
ZQ::WORKSPACE_HSI_PATH:   V:/ZEDBOARD/workspace/hsi
ZQ::WORKSPACE_SDK_PATH:   V:/ZEDBOARD/workspace/sdk
ZQ::LIB_PATH:             V:/ZEDBOARD/sw_lib
ZQ::SCRIPT_PATH:          V:/ZEDBOARD/scripts
ZQ::DOC_PATH:             V:/ZEDBOARD/doc
ZQ::PREBUILT_BI_PATH:     V:/ZEDBOARD/prebuilt/boot_images
ZQ::PREBUILT_HW_PATH:     V:/ZEDBOARD/prebuilt/hardware
ZQ::PREBUILT_SW_PATH:     V:/ZEDBOARD/prebuilt/software
ZQ::PREBUILT_OS_PATH:     V:/ZEDBOARD/prebuilt/os
ZQ::LOG_PATH:             V:/ZEDBOARD/v_log
ZQ::BACKUP_PATH:          V:/ZEDBOARD/backup
ZQ::ZIP_PATH:             
ZQ::SDSOC_PATH:           V:/ZEDBOARD/sdsoc
ZQ::XILINXGIT_DEVICETREE: 
ZQ::XILINXGIT_UBOOT:      
ZQ::XILINXGIT_LINUX:      
------------------------------------------
-----------------------------------------------------------------------
Info:(ZQ) Parameter Index: 0
Info:(ZQ) Parameter Option: --run_prebuild_sdk
Info:(ZQ) Parameter Index: 1
Info:(ZQ) Parameter Option: --boardpart
Info:(ZQ) Parameter Option Value: 1
-----------------------------------------------------------------------
Info:(ZQ) Run ZQ::INIT::run_sdk ...
------------------------------------------
Info:(ZQ) Following Script Versions used:
Batchfile:                                  OPEN_SDK
Vivado Version:                             Vivado v2017.2 (64-bit)
Script Version:                             2017.atm.09
Board Part (Definition Files) csv Version:  1.2
Software IP csv Version:                    1.9
Board Design Modify csv Version:            1.1
ZIP ignore csv Version:                     1.0
------------------------------------------
------------------------------------------
Info:(ZQ) Following Environment is set:
Vivado Setting:     1
LabTools Setting:   0
SDK Setting:        1
SDSOC Setting:      0
------------------------------------------
------------------------------------------
Info:(ZQ) Initial Project Name and Paths:
ZQ::VPROJ_NAME:           ZEDBOARD
ZQ::VPROJ_PATH:           V:/ZEDBOARD/vivado/zynq_soc
ZQ::VLABPROJ_PATH:        V:/ZEDBOARD/vivado_lab
ZQ::BOARDDEF_PATH:        V:/ZEDBOARD/board_files
ZQ::FIRMWARE_PATH:        V:/ZEDBOARD/firmware
ZQ::IP_PATH:              V:/ZEDBOARD/ip_lib
ZQ::BD_PATH:              V:/ZEDBOARD/block_design
ZQ::XDC_PATH:             V:/ZEDBOARD/constraints
ZQ::HDL_PATH:             V:/ZEDBOARD/hdl
ZQ::SET_PATH:             V:/ZEDBOARD/settings
ZQ::WORKSPACE_HSI_PATH:   V:/ZEDBOARD/workspace/hsi
ZQ::WORKSPACE_SDK_PATH:   V:/ZEDBOARD/workspace/sdk
ZQ::LIB_PATH:             V:/ZEDBOARD/sw_lib
ZQ::SCRIPT_PATH:          V:/ZEDBOARD/scripts
ZQ::DOC_PATH:             V:/ZEDBOARD/doc
ZQ::PREBUILT_BI_PATH:     V:/ZEDBOARD/prebuilt/boot_images
ZQ::PREBUILT_HW_PATH:     V:/ZEDBOARD/prebuilt/hardware
ZQ::PREBUILT_SW_PATH:     V:/ZEDBOARD/prebuilt/software
ZQ::PREBUILT_OS_PATH:     V:/ZEDBOARD/prebuilt/os
ZQ::LOG_PATH:             V:/ZEDBOARD/v_log
ZQ::BACKUP_PATH:          V:/ZEDBOARD/backup
ZQ::ZIP_PATH:             
ZQ::SDSOC_PATH:           V:/ZEDBOARD/sdsoc
ZQ::XILINXGIT_DEVICETREE: 
ZQ::XILINXGIT_UBOOT:      
ZQ::XILINXGIT_LINUX:      
------------------------------------------
Info:(ZQ) Initial Board definition list from V:/ZEDBOARD/board_files/board_files.csv
------------------------------------------
Info:(ZQ) Read Software list from V:/ZEDBOARD/sw_lib/apps_list.csv
------------------------------------------
Info:(ZQ) Read ZIP Ignore list from V:/ZEDBOARD/settings/zip_ignore_list.csv
------------------------------------------
------------------------------------------
Info:(ZQ) Found ID: 1
Info:(ZQ) Found Shortname: zed
Warning:(ZQ) Xilinx Devicetree git clone path not found ().
Info:(ZQ) Run "exec xsdk -workspace V:/ZEDBOARD/workspace/sdk -hwspec V:/ZEDBOARD/workspace/sdk/ZEDBOARD.hdf -lp V:/ZEDBOARD/sw_lib" in V:/ZEDBOARD/workspace/sdk
Info:(ZQ) Please Wait..
Info:(ZQ) Commands from batch.......................................

****** Xilinx Software Development Kit
****** SDK v2017.2 (64-bit)
  **** SW Build 1909853 on Thu Jun 15 18:39:09 MDT 2017
    ** Copyright 1986-2017 Xilinx, Inc. All Rights Reserved.

Launching SDK with command C:\Xilinx\SDK\2017.2\eclipse\win64.o\eclipse.exe -data V:/ZEDBOARD/workspace/sdk -vmargs -Dcom.xilinx.sdk.args.swrepos=V:/ZEDBOARD/sw_lib -Dcom.xilinx.sdk.args.hwspec=V:/ZEDBOARD/workspace/sdk/ZEDBOARD.hdf -Xms64m -Xmx1024m
.......................................finished
-----------------------------------------------------------------------
INFO: [Common 17-206] Exiting Vivado at Sat Nov  3 03:38:31 2018...
