
*** Running vivado
    with args -log zynq_soc_HDMI_IIC_0.vds -m64 -product Vivado -mode batch -messageDb vivado.pb -notrace -source zynq_soc_HDMI_IIC_0.tcl


****** Vivado v2017.2 (64-bit)
  **** SW Build 1909853 on Thu Jun 15 18:39:09 MDT 2017
  **** IP Build 1909766 on Thu Jun 15 19:58:00 MDT 2017
    ** Copyright 1986-2017 Xilinx, Inc. All Rights Reserved.

source zynq_soc_HDMI_IIC_0.tcl -notrace
Starting RTL Elaboration : Time (s): cpu = 00:00:10 ; elapsed = 00:00:11 . Memory (MB): peak = 405.031 ; gain = 82.809
INFO: [Synth 8-638] synthesizing module 'zynq_soc_HDMI_IIC_0' [v:/SOBELDETECT/DEBUG/RELEASED/ZEDBOARD/vivado/zynq_soc/ZEDBOARD.srcs/sources_1/bd/zynq_soc/ip/zynq_soc_HDMI_IIC_0/synth/zynq_soc_HDMI_IIC_0.vhd:91]
INFO: [Synth 8-638] synthesizing module 'axi_iic' [v:/SOBELDETECT/DEBUG/RELEASED/ZEDBOARD/vivado/zynq_soc/ZEDBOARD.srcs/sources_1/bd/zynq_soc/ipshared/6bf4/hdl/axi_iic_v2_0_vh_rfs.vhd:6870]
INFO: [Synth 8-638] synthesizing module 'iic' [v:/SOBELDETECT/DEBUG/RELEASED/ZEDBOARD/vivado/zynq_soc/ZEDBOARD.srcs/sources_1/bd/zynq_soc/ipshared/6bf4/hdl/axi_iic_v2_0_vh_rfs.vhd:6187]
INFO: [Synth 8-638] synthesizing module 'axi_ipif_ssp1' [v:/SOBELDETECT/DEBUG/RELEASED/ZEDBOARD/vivado/zynq_soc/ZEDBOARD.srcs/sources_1/bd/zynq_soc/ipshared/6bf4/hdl/axi_iic_v2_0_vh_rfs.vhd:5661]
INFO: [Synth 8-638] synthesizing module 'axi_lite_ipif' [v:/SOBELDETECT/DEBUG/RELEASED/ZEDBOARD/vivado/zynq_soc/ZEDBOARD.srcs/sources_1/bd/zynq_soc/ipshared/0ba0/hdl/axi_lite_ipif_v3_0_vh_rfs.vhd:2948]
INFO: [Synth 8-638] synthesizing module 'slave_attachment' [v:/SOBELDETECT/DEBUG/RELEASED/ZEDBOARD/vivado/zynq_soc/ZEDBOARD.srcs/sources_1/bd/zynq_soc/ipshared/0ba0/hdl/axi_lite_ipif_v3_0_vh_rfs.vhd:2341]
INFO: [Synth 8-638] synthesizing module 'address_decoder' [v:/SOBELDETECT/DEBUG/RELEASED/ZEDBOARD/vivado/zynq_soc/ZEDBOARD.srcs/sources_1/bd/zynq_soc/ipshared/0ba0/hdl/axi_lite_ipif_v3_0_vh_rfs.vhd:1775]
INFO: [Synth 8-638] synthesizing module 'pselect_f' [v:/SOBELDETECT/DEBUG/RELEASED/ZEDBOARD/vivado/zynq_soc/ZEDBOARD.srcs/sources_1/bd/zynq_soc/ipshared/0ba0/hdl/axi_lite_ipif_v3_0_vh_rfs.vhd:1534]
INFO: [Synth 8-256] done synthesizing module 'pselect_f' (1#1) [v:/SOBELDETECT/DEBUG/RELEASED/ZEDBOARD/vivado/zynq_soc/ZEDBOARD.srcs/sources_1/bd/zynq_soc/ipshared/0ba0/hdl/axi_lite_ipif_v3_0_vh_rfs.vhd:1534]
INFO: [Synth 8-638] synthesizing module 'pselect_f__parameterized0' [v:/SOBELDETECT/DEBUG/RELEASED/ZEDBOARD/vivado/zynq_soc/ZEDBOARD.srcs/sources_1/bd/zynq_soc/ipshared/0ba0/hdl/axi_lite_ipif_v3_0_vh_rfs.vhd:1534]
INFO: [Synth 8-256] done synthesizing module 'pselect_f__parameterized0' (1#1) [v:/SOBELDETECT/DEBUG/RELEASED/ZEDBOARD/vivado/zynq_soc/ZEDBOARD.srcs/sources_1/bd/zynq_soc/ipshared/0ba0/hdl/axi_lite_ipif_v3_0_vh_rfs.vhd:1534]
INFO: [Synth 8-638] synthesizing module 'pselect_f__parameterized1' [v:/SOBELDETECT/DEBUG/RELEASED/ZEDBOARD/vivado/zynq_soc/ZEDBOARD.srcs/sources_1/bd/zynq_soc/ipshared/0ba0/hdl/axi_lite_ipif_v3_0_vh_rfs.vhd:1534]
INFO: [Synth 8-256] done synthesizing module 'pselect_f__parameterized1' (1#1) [v:/SOBELDETECT/DEBUG/RELEASED/ZEDBOARD/vivado/zynq_soc/ZEDBOARD.srcs/sources_1/bd/zynq_soc/ipshared/0ba0/hdl/axi_lite_ipif_v3_0_vh_rfs.vhd:1534]
INFO: [Synth 8-638] synthesizing module 'pselect_f__parameterized2' [v:/SOBELDETECT/DEBUG/RELEASED/ZEDBOARD/vivado/zynq_soc/ZEDBOARD.srcs/sources_1/bd/zynq_soc/ipshared/0ba0/hdl/axi_lite_ipif_v3_0_vh_rfs.vhd:1534]
INFO: [Synth 8-256] done synthesizing module 'pselect_f__parameterized2' (1#1) [v:/SOBELDETECT/DEBUG/RELEASED/ZEDBOARD/vivado/zynq_soc/ZEDBOARD.srcs/sources_1/bd/zynq_soc/ipshared/0ba0/hdl/axi_lite_ipif_v3_0_vh_rfs.vhd:1534]
INFO: [Synth 8-638] synthesizing module 'pselect_f__parameterized3' [v:/SOBELDETECT/DEBUG/RELEASED/ZEDBOARD/vivado/zynq_soc/ZEDBOARD.srcs/sources_1/bd/zynq_soc/ipshared/0ba0/hdl/axi_lite_ipif_v3_0_vh_rfs.vhd:1534]
INFO: [Synth 8-256] done synthesizing module 'pselect_f__parameterized3' (1#1) [v:/SOBELDETECT/DEBUG/RELEASED/ZEDBOARD/vivado/zynq_soc/ZEDBOARD.srcs/sources_1/bd/zynq_soc/ipshared/0ba0/hdl/axi_lite_ipif_v3_0_vh_rfs.vhd:1534]
INFO: [Synth 8-638] synthesizing module 'pselect_f__parameterized4' [v:/SOBELDETECT/DEBUG/RELEASED/ZEDBOARD/vivado/zynq_soc/ZEDBOARD.srcs/sources_1/bd/zynq_soc/ipshared/0ba0/hdl/axi_lite_ipif_v3_0_vh_rfs.vhd:1534]
INFO: [Synth 8-256] done synthesizing module 'pselect_f__parameterized4' (1#1) [v:/SOBELDETECT/DEBUG/RELEASED/ZEDBOARD/vivado/zynq_soc/ZEDBOARD.srcs/sources_1/bd/zynq_soc/ipshared/0ba0/hdl/axi_lite_ipif_v3_0_vh_rfs.vhd:1534]
INFO: [Synth 8-638] synthesizing module 'pselect_f__parameterized5' [v:/SOBELDETECT/DEBUG/RELEASED/ZEDBOARD/vivado/zynq_soc/ZEDBOARD.srcs/sources_1/bd/zynq_soc/ipshared/0ba0/hdl/axi_lite_ipif_v3_0_vh_rfs.vhd:1534]
INFO: [Synth 8-256] done synthesizing module 'pselect_f__parameterized5' (1#1) [v:/SOBELDETECT/DEBUG/RELEASED/ZEDBOARD/vivado/zynq_soc/ZEDBOARD.srcs/sources_1/bd/zynq_soc/ipshared/0ba0/hdl/axi_lite_ipif_v3_0_vh_rfs.vhd:1534]
INFO: [Synth 8-638] synthesizing module 'pselect_f__parameterized6' [v:/SOBELDETECT/DEBUG/RELEASED/ZEDBOARD/vivado/zynq_soc/ZEDBOARD.srcs/sources_1/bd/zynq_soc/ipshared/0ba0/hdl/axi_lite_ipif_v3_0_vh_rfs.vhd:1534]
INFO: [Synth 8-256] done synthesizing module 'pselect_f__parameterized6' (1#1) [v:/SOBELDETECT/DEBUG/RELEASED/ZEDBOARD/vivado/zynq_soc/ZEDBOARD.srcs/sources_1/bd/zynq_soc/ipshared/0ba0/hdl/axi_lite_ipif_v3_0_vh_rfs.vhd:1534]
INFO: [Synth 8-638] synthesizing module 'pselect_f__parameterized7' [v:/SOBELDETECT/DEBUG/RELEASED/ZEDBOARD/vivado/zynq_soc/ZEDBOARD.srcs/sources_1/bd/zynq_soc/ipshared/0ba0/hdl/axi_lite_ipif_v3_0_vh_rfs.vhd:1534]
INFO: [Synth 8-256] done synthesizing module 'pselect_f__parameterized7' (1#1) [v:/SOBELDETECT/DEBUG/RELEASED/ZEDBOARD/vivado/zynq_soc/ZEDBOARD.srcs/sources_1/bd/zynq_soc/ipshared/0ba0/hdl/axi_lite_ipif_v3_0_vh_rfs.vhd:1534]
INFO: [Synth 8-638] synthesizing module 'pselect_f__parameterized8' [v:/SOBELDETECT/DEBUG/RELEASED/ZEDBOARD/vivado/zynq_soc/ZEDBOARD.srcs/sources_1/bd/zynq_soc/ipshared/0ba0/hdl/axi_lite_ipif_v3_0_vh_rfs.vhd:1534]
INFO: [Synth 8-256] done synthesizing module 'pselect_f__parameterized8' (1#1) [v:/SOBELDETECT/DEBUG/RELEASED/ZEDBOARD/vivado/zynq_soc/ZEDBOARD.srcs/sources_1/bd/zynq_soc/ipshared/0ba0/hdl/axi_lite_ipif_v3_0_vh_rfs.vhd:1534]
INFO: [Synth 8-638] synthesizing module 'pselect_f__parameterized9' [v:/SOBELDETECT/DEBUG/RELEASED/ZEDBOARD/vivado/zynq_soc/ZEDBOARD.srcs/sources_1/bd/zynq_soc/ipshared/0ba0/hdl/axi_lite_ipif_v3_0_vh_rfs.vhd:1534]
INFO: [Synth 8-256] done synthesizing module 'pselect_f__parameterized9' (1#1) [v:/SOBELDETECT/DEBUG/RELEASED/ZEDBOARD/vivado/zynq_soc/ZEDBOARD.srcs/sources_1/bd/zynq_soc/ipshared/0ba0/hdl/axi_lite_ipif_v3_0_vh_rfs.vhd:1534]
INFO: [Synth 8-638] synthesizing module 'pselect_f__parameterized10' [v:/SOBELDETECT/DEBUG/RELEASED/ZEDBOARD/vivado/zynq_soc/ZEDBOARD.srcs/sources_1/bd/zynq_soc/ipshared/0ba0/hdl/axi_lite_ipif_v3_0_vh_rfs.vhd:1534]
INFO: [Synth 8-256] done synthesizing module 'pselect_f__parameterized10' (1#1) [v:/SOBELDETECT/DEBUG/RELEASED/ZEDBOARD/vivado/zynq_soc/ZEDBOARD.srcs/sources_1/bd/zynq_soc/ipshared/0ba0/hdl/axi_lite_ipif_v3_0_vh_rfs.vhd:1534]
INFO: [Synth 8-638] synthesizing module 'pselect_f__parameterized11' [v:/SOBELDETECT/DEBUG/RELEASED/ZEDBOARD/vivado/zynq_soc/ZEDBOARD.srcs/sources_1/bd/zynq_soc/ipshared/0ba0/hdl/axi_lite_ipif_v3_0_vh_rfs.vhd:1534]
INFO: [Synth 8-256] done synthesizing module 'pselect_f__parameterized11' (1#1) [v:/SOBELDETECT/DEBUG/RELEASED/ZEDBOARD/vivado/zynq_soc/ZEDBOARD.srcs/sources_1/bd/zynq_soc/ipshared/0ba0/hdl/axi_lite_ipif_v3_0_vh_rfs.vhd:1534]
INFO: [Synth 8-638] synthesizing module 'pselect_f__parameterized12' [v:/SOBELDETECT/DEBUG/RELEASED/ZEDBOARD/vivado/zynq_soc/ZEDBOARD.srcs/sources_1/bd/zynq_soc/ipshared/0ba0/hdl/axi_lite_ipif_v3_0_vh_rfs.vhd:1534]
INFO: [Synth 8-256] done synthesizing module 'pselect_f__parameterized12' (1#1) [v:/SOBELDETECT/DEBUG/RELEASED/ZEDBOARD/vivado/zynq_soc/ZEDBOARD.srcs/sources_1/bd/zynq_soc/ipshared/0ba0/hdl/axi_lite_ipif_v3_0_vh_rfs.vhd:1534]
INFO: [Synth 8-638] synthesizing module 'pselect_f__parameterized13' [v:/SOBELDETECT/DEBUG/RELEASED/ZEDBOARD/vivado/zynq_soc/ZEDBOARD.srcs/sources_1/bd/zynq_soc/ipshared/0ba0/hdl/axi_lite_ipif_v3_0_vh_rfs.vhd:1534]
INFO: [Synth 8-256] done synthesizing module 'pselect_f__parameterized13' (1#1) [v:/SOBELDETECT/DEBUG/RELEASED/ZEDBOARD/vivado/zynq_soc/ZEDBOARD.srcs/sources_1/bd/zynq_soc/ipshared/0ba0/hdl/axi_lite_ipif_v3_0_vh_rfs.vhd:1534]
INFO: [Synth 8-638] synthesizing module 'pselect_f__parameterized14' [v:/SOBELDETECT/DEBUG/RELEASED/ZEDBOARD/vivado/zynq_soc/ZEDBOARD.srcs/sources_1/bd/zynq_soc/ipshared/0ba0/hdl/axi_lite_ipif_v3_0_vh_rfs.vhd:1534]
INFO: [Synth 8-256] done synthesizing module 'pselect_f__parameterized14' (1#1) [v:/SOBELDETECT/DEBUG/RELEASED/ZEDBOARD/vivado/zynq_soc/ZEDBOARD.srcs/sources_1/bd/zynq_soc/ipshared/0ba0/hdl/axi_lite_ipif_v3_0_vh_rfs.vhd:1534]
INFO: [Synth 8-638] synthesizing module 'pselect_f__parameterized15' [v:/SOBELDETECT/DEBUG/RELEASED/ZEDBOARD/vivado/zynq_soc/ZEDBOARD.srcs/sources_1/bd/zynq_soc/ipshared/0ba0/hdl/axi_lite_ipif_v3_0_vh_rfs.vhd:1534]
INFO: [Synth 8-256] done synthesizing module 'pselect_f__parameterized15' (1#1) [v:/SOBELDETECT/DEBUG/RELEASED/ZEDBOARD/vivado/zynq_soc/ZEDBOARD.srcs/sources_1/bd/zynq_soc/ipshared/0ba0/hdl/axi_lite_ipif_v3_0_vh_rfs.vhd:1534]
INFO: [Synth 8-638] synthesizing module 'pselect_f__parameterized16' [v:/SOBELDETECT/DEBUG/RELEASED/ZEDBOARD/vivado/zynq_soc/ZEDBOARD.srcs/sources_1/bd/zynq_soc/ipshared/0ba0/hdl/axi_lite_ipif_v3_0_vh_rfs.vhd:1534]
INFO: [Synth 8-256] done synthesizing module 'pselect_f__parameterized16' (1#1) [v:/SOBELDETECT/DEBUG/RELEASED/ZEDBOARD/vivado/zynq_soc/ZEDBOARD.srcs/sources_1/bd/zynq_soc/ipshared/0ba0/hdl/axi_lite_ipif_v3_0_vh_rfs.vhd:1534]
INFO: [Synth 8-638] synthesizing module 'pselect_f__parameterized17' [v:/SOBELDETECT/DEBUG/RELEASED/ZEDBOARD/vivado/zynq_soc/ZEDBOARD.srcs/sources_1/bd/zynq_soc/ipshared/0ba0/hdl/axi_lite_ipif_v3_0_vh_rfs.vhd:1534]
INFO: [Synth 8-256] done synthesizing module 'pselect_f__parameterized17' (1#1) [v:/SOBELDETECT/DEBUG/RELEASED/ZEDBOARD/vivado/zynq_soc/ZEDBOARD.srcs/sources_1/bd/zynq_soc/ipshared/0ba0/hdl/axi_lite_ipif_v3_0_vh_rfs.vhd:1534]
INFO: [Synth 8-638] synthesizing module 'pselect_f__parameterized18' [v:/SOBELDETECT/DEBUG/RELEASED/ZEDBOARD/vivado/zynq_soc/ZEDBOARD.srcs/sources_1/bd/zynq_soc/ipshared/0ba0/hdl/axi_lite_ipif_v3_0_vh_rfs.vhd:1534]
INFO: [Synth 8-256] done synthesizing module 'pselect_f__parameterized18' (1#1) [v:/SOBELDETECT/DEBUG/RELEASED/ZEDBOARD/vivado/zynq_soc/ZEDBOARD.srcs/sources_1/bd/zynq_soc/ipshared/0ba0/hdl/axi_lite_ipif_v3_0_vh_rfs.vhd:1534]
INFO: [Synth 8-638] synthesizing module 'pselect_f__parameterized19' [v:/SOBELDETECT/DEBUG/RELEASED/ZEDBOARD/vivado/zynq_soc/ZEDBOARD.srcs/sources_1/bd/zynq_soc/ipshared/0ba0/hdl/axi_lite_ipif_v3_0_vh_rfs.vhd:1534]
INFO: [Synth 8-256] done synthesizing module 'pselect_f__parameterized19' (1#1) [v:/SOBELDETECT/DEBUG/RELEASED/ZEDBOARD/vivado/zynq_soc/ZEDBOARD.srcs/sources_1/bd/zynq_soc/ipshared/0ba0/hdl/axi_lite_ipif_v3_0_vh_rfs.vhd:1534]
INFO: [Synth 8-638] synthesizing module 'pselect_f__parameterized20' [v:/SOBELDETECT/DEBUG/RELEASED/ZEDBOARD/vivado/zynq_soc/ZEDBOARD.srcs/sources_1/bd/zynq_soc/ipshared/0ba0/hdl/axi_lite_ipif_v3_0_vh_rfs.vhd:1534]
INFO: [Synth 8-256] done synthesizing module 'pselect_f__parameterized20' (1#1) [v:/SOBELDETECT/DEBUG/RELEASED/ZEDBOARD/vivado/zynq_soc/ZEDBOARD.srcs/sources_1/bd/zynq_soc/ipshared/0ba0/hdl/axi_lite_ipif_v3_0_vh_rfs.vhd:1534]
INFO: [Synth 8-638] synthesizing module 'pselect_f__parameterized21' [v:/SOBELDETECT/DEBUG/RELEASED/ZEDBOARD/vivado/zynq_soc/ZEDBOARD.srcs/sources_1/bd/zynq_soc/ipshared/0ba0/hdl/axi_lite_ipif_v3_0_vh_rfs.vhd:1534]
INFO: [Synth 8-256] done synthesizing module 'pselect_f__parameterized21' (1#1) [v:/SOBELDETECT/DEBUG/RELEASED/ZEDBOARD/vivado/zynq_soc/ZEDBOARD.srcs/sources_1/bd/zynq_soc/ipshared/0ba0/hdl/axi_lite_ipif_v3_0_vh_rfs.vhd:1534]
INFO: [Synth 8-638] synthesizing module 'pselect_f__parameterized22' [v:/SOBELDETECT/DEBUG/RELEASED/ZEDBOARD/vivado/zynq_soc/ZEDBOARD.srcs/sources_1/bd/zynq_soc/ipshared/0ba0/hdl/axi_lite_ipif_v3_0_vh_rfs.vhd:1534]
INFO: [Synth 8-256] done synthesizing module 'pselect_f__parameterized22' (1#1) [v:/SOBELDETECT/DEBUG/RELEASED/ZEDBOARD/vivado/zynq_soc/ZEDBOARD.srcs/sources_1/bd/zynq_soc/ipshared/0ba0/hdl/axi_lite_ipif_v3_0_vh_rfs.vhd:1534]
INFO: [Synth 8-638] synthesizing module 'pselect_f__parameterized23' [v:/SOBELDETECT/DEBUG/RELEASED/ZEDBOARD/vivado/zynq_soc/ZEDBOARD.srcs/sources_1/bd/zynq_soc/ipshared/0ba0/hdl/axi_lite_ipif_v3_0_vh_rfs.vhd:1534]
INFO: [Synth 8-256] done synthesizing module 'pselect_f__parameterized23' (1#1) [v:/SOBELDETECT/DEBUG/RELEASED/ZEDBOARD/vivado/zynq_soc/ZEDBOARD.srcs/sources_1/bd/zynq_soc/ipshared/0ba0/hdl/axi_lite_ipif_v3_0_vh_rfs.vhd:1534]
INFO: [Synth 8-638] synthesizing module 'pselect_f__parameterized24' [v:/SOBELDETECT/DEBUG/RELEASED/ZEDBOARD/vivado/zynq_soc/ZEDBOARD.srcs/sources_1/bd/zynq_soc/ipshared/0ba0/hdl/axi_lite_ipif_v3_0_vh_rfs.vhd:1534]
INFO: [Synth 8-256] done synthesizing module 'pselect_f__parameterized24' (1#1) [v:/SOBELDETECT/DEBUG/RELEASED/ZEDBOARD/vivado/zynq_soc/ZEDBOARD.srcs/sources_1/bd/zynq_soc/ipshared/0ba0/hdl/axi_lite_ipif_v3_0_vh_rfs.vhd:1534]
INFO: [Synth 8-638] synthesizing module 'pselect_f__parameterized25' [v:/SOBELDETECT/DEBUG/RELEASED/ZEDBOARD/vivado/zynq_soc/ZEDBOARD.srcs/sources_1/bd/zynq_soc/ipshared/0ba0/hdl/axi_lite_ipif_v3_0_vh_rfs.vhd:1534]
INFO: [Synth 8-256] done synthesizing module 'pselect_f__parameterized25' (1#1) [v:/SOBELDETECT/DEBUG/RELEASED/ZEDBOARD/vivado/zynq_soc/ZEDBOARD.srcs/sources_1/bd/zynq_soc/ipshared/0ba0/hdl/axi_lite_ipif_v3_0_vh_rfs.vhd:1534]
INFO: [Synth 8-638] synthesizing module 'pselect_f__parameterized26' [v:/SOBELDETECT/DEBUG/RELEASED/ZEDBOARD/vivado/zynq_soc/ZEDBOARD.srcs/sources_1/bd/zynq_soc/ipshared/0ba0/hdl/axi_lite_ipif_v3_0_vh_rfs.vhd:1534]
INFO: [Synth 8-256] done synthesizing module 'pselect_f__parameterized26' (1#1) [v:/SOBELDETECT/DEBUG/RELEASED/ZEDBOARD/vivado/zynq_soc/ZEDBOARD.srcs/sources_1/bd/zynq_soc/ipshared/0ba0/hdl/axi_lite_ipif_v3_0_vh_rfs.vhd:1534]
INFO: [Synth 8-638] synthesizing module 'pselect_f__parameterized27' [v:/SOBELDETECT/DEBUG/RELEASED/ZEDBOARD/vivado/zynq_soc/ZEDBOARD.srcs/sources_1/bd/zynq_soc/ipshared/0ba0/hdl/axi_lite_ipif_v3_0_vh_rfs.vhd:1534]
INFO: [Synth 8-256] done synthesizing module 'pselect_f__parameterized27' (1#1) [v:/SOBELDETECT/DEBUG/RELEASED/ZEDBOARD/vivado/zynq_soc/ZEDBOARD.srcs/sources_1/bd/zynq_soc/ipshared/0ba0/hdl/axi_lite_ipif_v3_0_vh_rfs.vhd:1534]
INFO: [Synth 8-638] synthesizing module 'pselect_f__parameterized28' [v:/SOBELDETECT/DEBUG/RELEASED/ZEDBOARD/vivado/zynq_soc/ZEDBOARD.srcs/sources_1/bd/zynq_soc/ipshared/0ba0/hdl/axi_lite_ipif_v3_0_vh_rfs.vhd:1534]
INFO: [Synth 8-256] done synthesizing module 'pselect_f__parameterized28' (1#1) [v:/SOBELDETECT/DEBUG/RELEASED/ZEDBOARD/vivado/zynq_soc/ZEDBOARD.srcs/sources_1/bd/zynq_soc/ipshared/0ba0/hdl/axi_lite_ipif_v3_0_vh_rfs.vhd:1534]
INFO: [Synth 8-638] synthesizing module 'pselect_f__parameterized29' [v:/SOBELDETECT/DEBUG/RELEASED/ZEDBOARD/vivado/zynq_soc/ZEDBOARD.srcs/sources_1/bd/zynq_soc/ipshared/0ba0/hdl/axi_lite_ipif_v3_0_vh_rfs.vhd:1534]
INFO: [Synth 8-256] done synthesizing module 'pselect_f__parameterized29' (1#1) [v:/SOBELDETECT/DEBUG/RELEASED/ZEDBOARD/vivado/zynq_soc/ZEDBOARD.srcs/sources_1/bd/zynq_soc/ipshared/0ba0/hdl/axi_lite_ipif_v3_0_vh_rfs.vhd:1534]
INFO: [Synth 8-638] synthesizing module 'pselect_f__parameterized30' [v:/SOBELDETECT/DEBUG/RELEASED/ZEDBOARD/vivado/zynq_soc/ZEDBOARD.srcs/sources_1/bd/zynq_soc/ipshared/0ba0/hdl/axi_lite_ipif_v3_0_vh_rfs.vhd:1534]
INFO: [Synth 8-256] done synthesizing module 'pselect_f__parameterized30' (1#1) [v:/SOBELDETECT/DEBUG/RELEASED/ZEDBOARD/vivado/zynq_soc/ZEDBOARD.srcs/sources_1/bd/zynq_soc/ipshared/0ba0/hdl/axi_lite_ipif_v3_0_vh_rfs.vhd:1534]
INFO: [Synth 8-638] synthesizing module 'pselect_f__parameterized31' [v:/SOBELDETECT/DEBUG/RELEASED/ZEDBOARD/vivado/zynq_soc/ZEDBOARD.srcs/sources_1/bd/zynq_soc/ipshared/0ba0/hdl/axi_lite_ipif_v3_0_vh_rfs.vhd:1534]
INFO: [Synth 8-256] done synthesizing module 'pselect_f__parameterized31' (1#1) [v:/SOBELDETECT/DEBUG/RELEASED/ZEDBOARD/vivado/zynq_soc/ZEDBOARD.srcs/sources_1/bd/zynq_soc/ipshared/0ba0/hdl/axi_lite_ipif_v3_0_vh_rfs.vhd:1534]
INFO: [Synth 8-638] synthesizing module 'pselect_f__parameterized32' [v:/SOBELDETECT/DEBUG/RELEASED/ZEDBOARD/vivado/zynq_soc/ZEDBOARD.srcs/sources_1/bd/zynq_soc/ipshared/0ba0/hdl/axi_lite_ipif_v3_0_vh_rfs.vhd:1534]
INFO: [Synth 8-256] done synthesizing module 'pselect_f__parameterized32' (1#1) [v:/SOBELDETECT/DEBUG/RELEASED/ZEDBOARD/vivado/zynq_soc/ZEDBOARD.srcs/sources_1/bd/zynq_soc/ipshared/0ba0/hdl/axi_lite_ipif_v3_0_vh_rfs.vhd:1534]
INFO: [Synth 8-638] synthesizing module 'pselect_f__parameterized33' [v:/SOBELDETECT/DEBUG/RELEASED/ZEDBOARD/vivado/zynq_soc/ZEDBOARD.srcs/sources_1/bd/zynq_soc/ipshared/0ba0/hdl/axi_lite_ipif_v3_0_vh_rfs.vhd:1534]
INFO: [Synth 8-256] done synthesizing module 'pselect_f__parameterized33' (1#1) [v:/SOBELDETECT/DEBUG/RELEASED/ZEDBOARD/vivado/zynq_soc/ZEDBOARD.srcs/sources_1/bd/zynq_soc/ipshared/0ba0/hdl/axi_lite_ipif_v3_0_vh_rfs.vhd:1534]
INFO: [Synth 8-638] synthesizing module 'pselect_f__parameterized34' [v:/SOBELDETECT/DEBUG/RELEASED/ZEDBOARD/vivado/zynq_soc/ZEDBOARD.srcs/sources_1/bd/zynq_soc/ipshared/0ba0/hdl/axi_lite_ipif_v3_0_vh_rfs.vhd:1534]
INFO: [Synth 8-256] done synthesizing module 'pselect_f__parameterized34' (1#1) [v:/SOBELDETECT/DEBUG/RELEASED/ZEDBOARD/vivado/zynq_soc/ZEDBOARD.srcs/sources_1/bd/zynq_soc/ipshared/0ba0/hdl/axi_lite_ipif_v3_0_vh_rfs.vhd:1534]
INFO: [Synth 8-638] synthesizing module 'pselect_f__parameterized35' [v:/SOBELDETECT/DEBUG/RELEASED/ZEDBOARD/vivado/zynq_soc/ZEDBOARD.srcs/sources_1/bd/zynq_soc/ipshared/0ba0/hdl/axi_lite_ipif_v3_0_vh_rfs.vhd:1534]
INFO: [Synth 8-256] done synthesizing module 'pselect_f__parameterized35' (1#1) [v:/SOBELDETECT/DEBUG/RELEASED/ZEDBOARD/vivado/zynq_soc/ZEDBOARD.srcs/sources_1/bd/zynq_soc/ipshared/0ba0/hdl/axi_lite_ipif_v3_0_vh_rfs.vhd:1534]
INFO: [Synth 8-256] done synthesizing module 'address_decoder' (2#1) [v:/SOBELDETECT/DEBUG/RELEASED/ZEDBOARD/vivado/zynq_soc/ZEDBOARD.srcs/sources_1/bd/zynq_soc/ipshared/0ba0/hdl/axi_lite_ipif_v3_0_vh_rfs.vhd:1775]
INFO: [Synth 8-256] done synthesizing module 'slave_attachment' (3#1) [v:/SOBELDETECT/DEBUG/RELEASED/ZEDBOARD/vivado/zynq_soc/ZEDBOARD.srcs/sources_1/bd/zynq_soc/ipshared/0ba0/hdl/axi_lite_ipif_v3_0_vh_rfs.vhd:2341]
INFO: [Synth 8-256] done synthesizing module 'axi_lite_ipif' (4#1) [v:/SOBELDETECT/DEBUG/RELEASED/ZEDBOARD/vivado/zynq_soc/ZEDBOARD.srcs/sources_1/bd/zynq_soc/ipshared/0ba0/hdl/axi_lite_ipif_v3_0_vh_rfs.vhd:2948]
INFO: [Synth 8-638] synthesizing module 'interrupt_control' [v:/SOBELDETECT/DEBUG/RELEASED/ZEDBOARD/vivado/zynq_soc/ZEDBOARD.srcs/sources_1/bd/zynq_soc/ipshared/e956/hdl/interrupt_control_v3_1_vh_rfs.vhd:259]
INFO: [Synth 8-256] done synthesizing module 'interrupt_control' (5#1) [v:/SOBELDETECT/DEBUG/RELEASED/ZEDBOARD/vivado/zynq_soc/ZEDBOARD.srcs/sources_1/bd/zynq_soc/ipshared/e956/hdl/interrupt_control_v3_1_vh_rfs.vhd:259]
INFO: [Synth 8-638] synthesizing module 'soft_reset' [v:/SOBELDETECT/DEBUG/RELEASED/ZEDBOARD/vivado/zynq_soc/ZEDBOARD.srcs/sources_1/bd/zynq_soc/ipshared/6bf4/hdl/axi_iic_v2_0_vh_rfs.vhd:141]
INFO: [Synth 8-256] done synthesizing module 'soft_reset' (6#1) [v:/SOBELDETECT/DEBUG/RELEASED/ZEDBOARD/vivado/zynq_soc/ZEDBOARD.srcs/sources_1/bd/zynq_soc/ipshared/6bf4/hdl/axi_iic_v2_0_vh_rfs.vhd:141]
INFO: [Synth 8-256] done synthesizing module 'axi_ipif_ssp1' (7#1) [v:/SOBELDETECT/DEBUG/RELEASED/ZEDBOARD/vivado/zynq_soc/ZEDBOARD.srcs/sources_1/bd/zynq_soc/ipshared/6bf4/hdl/axi_iic_v2_0_vh_rfs.vhd:5661]
INFO: [Synth 8-638] synthesizing module 'reg_interface' [v:/SOBELDETECT/DEBUG/RELEASED/ZEDBOARD/vivado/zynq_soc/ZEDBOARD.srcs/sources_1/bd/zynq_soc/ipshared/6bf4/hdl/axi_iic_v2_0_vh_rfs.vhd:1677]
INFO: [Synth 8-256] done synthesizing module 'reg_interface' (8#1) [v:/SOBELDETECT/DEBUG/RELEASED/ZEDBOARD/vivado/zynq_soc/ZEDBOARD.srcs/sources_1/bd/zynq_soc/ipshared/6bf4/hdl/axi_iic_v2_0_vh_rfs.vhd:1677]
INFO: [Synth 8-638] synthesizing module 'filter' [v:/SOBELDETECT/DEBUG/RELEASED/ZEDBOARD/vivado/zynq_soc/ZEDBOARD.srcs/sources_1/bd/zynq_soc/ipshared/6bf4/hdl/axi_iic_v2_0_vh_rfs.vhd:4985]
INFO: [Synth 8-638] synthesizing module 'debounce' [v:/SOBELDETECT/DEBUG/RELEASED/ZEDBOARD/vivado/zynq_soc/ZEDBOARD.srcs/sources_1/bd/zynq_soc/ipshared/6bf4/hdl/axi_iic_v2_0_vh_rfs.vhd:1307]
INFO: [Synth 8-638] synthesizing module 'cdc_sync' [v:/SOBELDETECT/DEBUG/RELEASED/ZEDBOARD/vivado/zynq_soc/ZEDBOARD.srcs/sources_1/bd/zynq_soc/ipshared/52cb/hdl/lib_cdc_v1_0_rfs.vhd:106]
INFO: [Synth 8-256] done synthesizing module 'cdc_sync' (9#1) [v:/SOBELDETECT/DEBUG/RELEASED/ZEDBOARD/vivado/zynq_soc/ZEDBOARD.srcs/sources_1/bd/zynq_soc/ipshared/52cb/hdl/lib_cdc_v1_0_rfs.vhd:106]
INFO: [Synth 8-256] done synthesizing module 'debounce' (10#1) [v:/SOBELDETECT/DEBUG/RELEASED/ZEDBOARD/vivado/zynq_soc/ZEDBOARD.srcs/sources_1/bd/zynq_soc/ipshared/6bf4/hdl/axi_iic_v2_0_vh_rfs.vhd:1307]
INFO: [Synth 8-256] done synthesizing module 'filter' (11#1) [v:/SOBELDETECT/DEBUG/RELEASED/ZEDBOARD/vivado/zynq_soc/ZEDBOARD.srcs/sources_1/bd/zynq_soc/ipshared/6bf4/hdl/axi_iic_v2_0_vh_rfs.vhd:4985]
INFO: [Synth 8-638] synthesizing module 'iic_control' [v:/SOBELDETECT/DEBUG/RELEASED/ZEDBOARD/vivado/zynq_soc/ZEDBOARD.srcs/sources_1/bd/zynq_soc/ipshared/6bf4/hdl/axi_iic_v2_0_vh_rfs.vhd:2908]
INFO: [Synth 8-638] synthesizing module 'upcnt_n' [v:/SOBELDETECT/DEBUG/RELEASED/ZEDBOARD/vivado/zynq_soc/ZEDBOARD.srcs/sources_1/bd/zynq_soc/ipshared/6bf4/hdl/axi_iic_v2_0_vh_rfs.vhd:740]
INFO: [Synth 8-256] done synthesizing module 'upcnt_n' (12#1) [v:/SOBELDETECT/DEBUG/RELEASED/ZEDBOARD/vivado/zynq_soc/ZEDBOARD.srcs/sources_1/bd/zynq_soc/ipshared/6bf4/hdl/axi_iic_v2_0_vh_rfs.vhd:740]
INFO: [Synth 8-638] synthesizing module 'shift8' [v:/SOBELDETECT/DEBUG/RELEASED/ZEDBOARD/vivado/zynq_soc/ZEDBOARD.srcs/sources_1/bd/zynq_soc/ipshared/6bf4/hdl/axi_iic_v2_0_vh_rfs.vhd:897]
INFO: [Synth 8-256] done synthesizing module 'shift8' (13#1) [v:/SOBELDETECT/DEBUG/RELEASED/ZEDBOARD/vivado/zynq_soc/ZEDBOARD.srcs/sources_1/bd/zynq_soc/ipshared/6bf4/hdl/axi_iic_v2_0_vh_rfs.vhd:897]
INFO: [Synth 8-638] synthesizing module 'upcnt_n__parameterized0' [v:/SOBELDETECT/DEBUG/RELEASED/ZEDBOARD/vivado/zynq_soc/ZEDBOARD.srcs/sources_1/bd/zynq_soc/ipshared/6bf4/hdl/axi_iic_v2_0_vh_rfs.vhd:740]
INFO: [Synth 8-256] done synthesizing module 'upcnt_n__parameterized0' (13#1) [v:/SOBELDETECT/DEBUG/RELEASED/ZEDBOARD/vivado/zynq_soc/ZEDBOARD.srcs/sources_1/bd/zynq_soc/ipshared/6bf4/hdl/axi_iic_v2_0_vh_rfs.vhd:740]
INFO: [Synth 8-256] done synthesizing module 'iic_control' (14#1) [v:/SOBELDETECT/DEBUG/RELEASED/ZEDBOARD/vivado/zynq_soc/ZEDBOARD.srcs/sources_1/bd/zynq_soc/ipshared/6bf4/hdl/axi_iic_v2_0_vh_rfs.vhd:2908]
INFO: [Synth 8-638] synthesizing module 'SRL_FIFO' [v:/SOBELDETECT/DEBUG/RELEASED/ZEDBOARD/vivado/zynq_soc/ZEDBOARD.srcs/sources_1/bd/zynq_soc/ipshared/6bf4/hdl/axi_iic_v2_0_vh_rfs.vhd:449]
INFO: [Synth 8-638] synthesizing module 'FDR' [C:/Xilinx/Vivado/2017.2/scripts/rt/data/unisim_comp.v:3951]
INFO: [Synth 8-256] done synthesizing module 'FDR' (15#1) [C:/Xilinx/Vivado/2017.2/scripts/rt/data/unisim_comp.v:3951]
INFO: [Synth 8-638] synthesizing module 'MUXCY_L' [C:/Xilinx/Vivado/2017.2/scripts/rt/data/unisim_comp.v:21638]
INFO: [Synth 8-256] done synthesizing module 'MUXCY_L' (16#1) [C:/Xilinx/Vivado/2017.2/scripts/rt/data/unisim_comp.v:21638]
INFO: [Synth 8-638] synthesizing module 'XORCY' [C:/Xilinx/Vivado/2017.2/scripts/rt/data/unisim_comp.v:45685]
INFO: [Synth 8-256] done synthesizing module 'XORCY' (17#1) [C:/Xilinx/Vivado/2017.2/scripts/rt/data/unisim_comp.v:45685]
INFO: [Synth 8-638] synthesizing module 'FDRE' [C:/Xilinx/Vivado/2017.2/scripts/rt/data/unisim_comp.v:3964]
INFO: [Synth 8-256] done synthesizing module 'FDRE' (18#1) [C:/Xilinx/Vivado/2017.2/scripts/rt/data/unisim_comp.v:3964]
INFO: [Synth 8-638] synthesizing module 'SRL16E' [C:/Xilinx/Vivado/2017.2/scripts/rt/data/unisim_comp.v:43673]
INFO: [Synth 8-256] done synthesizing module 'SRL16E' (19#1) [C:/Xilinx/Vivado/2017.2/scripts/rt/data/unisim_comp.v:43673]
INFO: [Synth 8-256] done synthesizing module 'SRL_FIFO' (20#1) [v:/SOBELDETECT/DEBUG/RELEASED/ZEDBOARD/vivado/zynq_soc/ZEDBOARD.srcs/sources_1/bd/zynq_soc/ipshared/6bf4/hdl/axi_iic_v2_0_vh_rfs.vhd:449]
INFO: [Synth 8-638] synthesizing module 'dynamic_master' [v:/SOBELDETECT/DEBUG/RELEASED/ZEDBOARD/vivado/zynq_soc/ZEDBOARD.srcs/sources_1/bd/zynq_soc/ipshared/6bf4/hdl/axi_iic_v2_0_vh_rfs.vhd:5204]
INFO: [Synth 8-256] done synthesizing module 'dynamic_master' (21#1) [v:/SOBELDETECT/DEBUG/RELEASED/ZEDBOARD/vivado/zynq_soc/ZEDBOARD.srcs/sources_1/bd/zynq_soc/ipshared/6bf4/hdl/axi_iic_v2_0_vh_rfs.vhd:5204]
INFO: [Synth 8-638] synthesizing module 'SRL_FIFO__parameterized0' [v:/SOBELDETECT/DEBUG/RELEASED/ZEDBOARD/vivado/zynq_soc/ZEDBOARD.srcs/sources_1/bd/zynq_soc/ipshared/6bf4/hdl/axi_iic_v2_0_vh_rfs.vhd:449]
INFO: [Synth 8-256] done synthesizing module 'SRL_FIFO__parameterized0' (21#1) [v:/SOBELDETECT/DEBUG/RELEASED/ZEDBOARD/vivado/zynq_soc/ZEDBOARD.srcs/sources_1/bd/zynq_soc/ipshared/6bf4/hdl/axi_iic_v2_0_vh_rfs.vhd:449]
INFO: [Synth 8-256] done synthesizing module 'iic' (22#1) [v:/SOBELDETECT/DEBUG/RELEASED/ZEDBOARD/vivado/zynq_soc/ZEDBOARD.srcs/sources_1/bd/zynq_soc/ipshared/6bf4/hdl/axi_iic_v2_0_vh_rfs.vhd:6187]
INFO: [Synth 8-256] done synthesizing module 'axi_iic' (23#1) [v:/SOBELDETECT/DEBUG/RELEASED/ZEDBOARD/vivado/zynq_soc/ZEDBOARD.srcs/sources_1/bd/zynq_soc/ipshared/6bf4/hdl/axi_iic_v2_0_vh_rfs.vhd:6870]
INFO: [Synth 8-256] done synthesizing module 'zynq_soc_HDMI_IIC_0' (24#1) [v:/SOBELDETECT/DEBUG/RELEASED/ZEDBOARD/vivado/zynq_soc/ZEDBOARD.srcs/sources_1/bd/zynq_soc/ip/zynq_soc_HDMI_IIC_0/synth/zynq_soc_HDMI_IIC_0.vhd:91]
Finished RTL Elaboration : Time (s): cpu = 00:00:16 ; elapsed = 00:00:19 . Memory (MB): peak = 464.422 ; gain = 142.199
Finished RTL Optimization Phase 1 : Time (s): cpu = 00:00:16 ; elapsed = 00:00:19 . Memory (MB): peak = 464.422 ; gain = 142.199
INFO: [Device 21-403] Loading part xc7z020clg484-1
Constraint Validation Runtime : Time (s): cpu = 00:00:00 ; elapsed = 00:00:00.062 . Memory (MB): peak = 817.688 ; gain = 1.730
Finished Constraint Validation : Time (s): cpu = 00:00:47 ; elapsed = 00:00:57 . Memory (MB): peak = 817.688 ; gain = 495.465
Finished Loading Part and Timing Information : Time (s): cpu = 00:00:47 ; elapsed = 00:00:57 . Memory (MB): peak = 817.688 ; gain = 495.465
Finished applying 'set_property' XDC Constraints : Time (s): cpu = 00:00:47 ; elapsed = 00:00:57 . Memory (MB): peak = 817.688 ; gain = 495.465
Finished RTL Optimization Phase 2 : Time (s): cpu = 00:00:50 ; elapsed = 00:01:02 . Memory (MB): peak = 817.688 ; gain = 495.465
Finished Cross Boundary and Area Optimization : Time (s): cpu = 00:00:56 ; elapsed = 00:01:08 . Memory (MB): peak = 817.688 ; gain = 495.465
Finished Applying XDC Timing Constraints : Time (s): cpu = 00:01:23 ; elapsed = 00:01:39 . Memory (MB): peak = 817.688 ; gain = 495.465
Finished Timing Optimization : Time (s): cpu = 00:01:28 ; elapsed = 00:01:45 . Memory (MB): peak = 853.383 ; gain = 531.160
Finished Technology Mapping : Time (s): cpu = 00:01:29 ; elapsed = 00:01:46 . Memory (MB): peak = 862.406 ; gain = 540.184
Finished IO Insertion : Time (s): cpu = 00:01:31 ; elapsed = 00:01:48 . Memory (MB): peak = 862.406 ; gain = 540.184
Finished Renaming Generated Instances : Time (s): cpu = 00:01:31 ; elapsed = 00:01:48 . Memory (MB): peak = 862.406 ; gain = 540.184
Finished Rebuilding User Hierarchy : Time (s): cpu = 00:01:32 ; elapsed = 00:01:48 . Memory (MB): peak = 862.406 ; gain = 540.184
Finished Renaming Generated Ports : Time (s): cpu = 00:01:32 ; elapsed = 00:01:48 . Memory (MB): peak = 862.406 ; gain = 540.184
Finished Handling Custom Attributes : Time (s): cpu = 00:01:32 ; elapsed = 00:01:48 . Memory (MB): peak = 862.406 ; gain = 540.184
Finished Renaming Generated Nets : Time (s): cpu = 00:01:32 ; elapsed = 00:01:48 . Memory (MB): peak = 862.406 ; gain = 540.184

Report Cell Usage: 
+------+--------+------+
|      |Cell    |Count |
+------+--------+------+
|1     |CARRY4  |     8|
|2     |LUT1    |     8|
|3     |LUT2    |    70|
|4     |LUT3    |    35|
|5     |LUT4    |    70|
|6     |LUT5    |    75|
|7     |LUT6    |   191|
|8     |MUXCY_L |     9|
|9     |MUXF7   |     2|
|10    |SRL16E  |    18|
|11    |XORCY   |    12|
|12    |FDR     |    11|
|13    |FDRE    |   321|
|14    |FDSE    |    36|
+------+--------+------+
Finished Writing Synthesis Report : Time (s): cpu = 00:01:32 ; elapsed = 00:01:48 . Memory (MB): peak = 862.406 ; gain = 540.184
synth_design: Time (s): cpu = 00:01:36 ; elapsed = 00:01:55 . Memory (MB): peak = 862.406 ; gain = 547.492
